<?xml version="1.0" encoding="UTF-8"?>
<testng-results ignored="0" total="1" passed="0" failed="1" skipped="0">
  <reporter-output>
  </reporter-output>
  <suite started-at="2025-02-23T18:51:34 IST" name="Test Suite" finished-at="2025-02-23T18:51:42 IST" duration-ms="7994">
    <groups>
    </groups>
    <test started-at="2025-02-23T18:51:34 IST" name="Google Search Test" finished-at="2025-02-23T18:51:42 IST" duration-ms="7994">
      <class name="webTest.Browserlaunch">
        <test-method is-config="true" signature="setup()[pri:0, instance:webTest.Browserlaunch@6138e79a]" started-at="2025-02-23T18:51:34 IST" name="setup" finished-at="2025-02-23T18:51:36 IST" duration-ms="1384" status="PASS">
          <reporter-output>
          </reporter-output>
        </test-method> <!-- setup -->
        <test-method signature="googleSearchTest()[pri:0, instance:webTest.Browserlaunch@6138e79a]" started-at="2025-02-23T18:51:36 IST" name="googleSearchTest" description="Google Search Test" finished-at="2025-02-23T18:51:42 IST" duration-ms="6440" status="FAIL">
          <exception class="java.lang.AssertionError">
            <message>
              <![CDATA[expected [true] but found [false]]]>
            </message>
            <full-stacktrace>
              <![CDATA[java.lang.AssertionError: expected [true] but found [false]
at org.testng.Assert.fail(Assert.java:110)
at org.testng.Assert.failNotEquals(Assert.java:1577)
at org.testng.Assert.assertTrue(Assert.java:56)
at org.testng.Assert.assertTrue(Assert.java:66)
at webTest.Browserlaunch.googleSearchTest(Browserlaunch.java:45)
at java.base/jdk.internal.reflect.DirectMethodHandleAccessor.invoke(DirectMethodHandleAccessor.java:103)
at java.base/java.lang.reflect.Method.invoke(Method.java:580)
at org.testng.internal.invokers.MethodInvocationHelper.invokeMethod(MethodInvocationHelper.java:139)
at org.testng.internal.invokers.TestInvoker.invokeMethod(TestInvoker.java:677)
at org.testng.internal.invokers.TestInvoker.invokeTestMethod(TestInvoker.java:221)
at org.testng.internal.invokers.MethodRunner.runInSequence(MethodRunner.java:50)
at org.testng.internal.invokers.TestInvoker$MethodInvocationAgent.invoke(TestInvoker.java:969)
at org.testng.internal.invokers.TestInvoker.invokeTestMethods(TestInvoker.java:194)
at org.testng.internal.invokers.TestMethodWorker.invokeTestMethods(TestMethodWorker.java:148)
at org.testng.internal.invokers.TestMethodWorker.run(TestMethodWorker.java:128)
at java.base/java.util.concurrent.ThreadPoolExecutor.runWorker(ThreadPoolExecutor.java:1144)
at java.base/java.util.concurrent.ThreadPoolExecutor$Worker.run(ThreadPoolExecutor.java:642)
at java.base/java.lang.Thread.run(Thread.java:1575)
]]>
            </full-stacktrace>
          </exception> <!-- java.lang.AssertionError -->
          <reporter-output>
          </reporter-output>
        </test-method> <!-- googleSearchTest -->
        <test-method is-config="true" signature="teardown()[pri:0, instance:webTest.Browserlaunch@6138e79a]" started-at="2025-02-23T18:51:42 IST" name="teardown" finished-at="2025-02-23T18:51:42 IST" duration-ms="133" status="PASS">
          <reporter-output>
          </reporter-output>
        </test-method> <!-- teardown -->
      </class> <!-- webTest.Browserlaunch -->
    </test> <!-- Google Search Test -->
  </suite> <!-- Test Suite -->
</testng-results>
